#
# There is insufficient memory for the Java Runtime Environment to continue.
# Native memory allocation (malloc) failed to allocate 41008 bytes for Chunk::new
# Possible reasons:
#   The system is out of physical RAM or swap space
#   The process is running with CompressedOops enabled, and the Java Heap may be blocking the growth of the native heap
# Possible solutions:
#   Reduce memory load on the system
#   Increase physical memory or swap space
#   Check if swap backing store is full
#   Decrease Java heap size (-Xmx/-Xms)
#   Decrease number of Java threads
#   Decrease Java thread stack sizes (-Xss)
#   Set larger code cache with -XX:ReservedCodeCacheSize=
#   JVM is running with Unscaled Compressed Oops mode in which the Java heap is
#     placed in the first 4GB address space. The Java Heap base address is the
#     maximum limit for the native heap growth. Please use -XX:HeapBaseMinAddress
#     to set the Java Heap base and to place the Java Heap above 4GB virtual address.
# This output file may be truncated or incomplete.
#
#  Out of Memory Error (./src/hotspot/share/memory/arena.cpp:197), pid=14308, tid=6936
#
# JRE version: OpenJDK Runtime Environment JBR-11.0.8.10-944.34-jcef (11.0.8+10) (build 11.0.8+10-b944.34)
# Java VM: OpenJDK 64-Bit Server VM JBR-11.0.8.10-944.34-jcef (11.0.8+10-b944.34, mixed mode, tiered, compressed oops, g1 gc, windows-amd64)
# No core dump will be written. Minidumps are not enabled by default on client versions of Windows
#

---------------  S U M M A R Y ------------

Command Line: -Xmx64m -Xms64m -Dorg.gradle.appname=gradlew org.gradle.wrapper.GradleWrapperMain :Simple_Chatty_Bot-task:testClasses

Host: Intel(R) Core(TM) i7-4510U CPU @ 2.00GHz, 4 cores, 15G,  Windows 10 , 64 bit Build 18362 (10.0.18362.1110)
Time: Sun Nov 29 19:00:17 2020 W. Europe Standard Time elapsed time: 2 seconds (0d 0h 0m 2s)

---------------  T H R E A D  ---------------

Current thread (0x00000287b337d000):  JavaThread "C2 CompilerThread1" daemon [_thread_in_native, id=6936, stack(0x000000ce49100000,0x000000ce49200000)]


Current CompileTask:
C2:   2633 1261       4       java.util.HashSet::add (20 bytes)

Stack: [0x000000ce49100000,0x000000ce49200000]
Native frames: (J=compiled Java code, j=interpreted, Vv=VM code, C=native code)
V  [jvm.dll+0x5de35a]
V  [jvm.dll+0x712355]
V  [jvm.dll+0x7138ad]
V  [jvm.dll+0x713f63]
V  [jvm.dll+0x23e628]
V  [jvm.dll+0xb8bcc]
V  [jvm.dll+0xb90cc]
V  [jvm.dll+0x2b2497]
V  [jvm.dll+0x501eb8]
V  [jvm.dll+0x1f8965]
V  [jvm.dll+0x1f673f]
V  [jvm.dll+0x17f40c]
V  [jvm.dll+0x204ee7]
V  [jvm.dll+0x203731]
V  [jvm.dll+0x6dab8f]
V  [jvm.dll+0x6d36e5]
V  [jvm.dll+0x5dd306]
C  [ucrtbase.dll+0x210b2]
C  [KERNEL32.DLL+0x17c24]
C  [ntdll.dll+0x6d4d1]


---------------  P R O C E S S  ---------------

Threads class SMR info:
_java_thread_list=0x00000287b378a2f0, length=12, elements={
0x000002879cd4b800, 0x00000287b23f0000, 0x00000287b2414800, 0x00000287b242f800,
0x00000287b2430800, 0x00000287b2436000, 0x00000287b2487000, 0x00000287b2488000,
0x00000287b26dd800, 0x00000287b26e7800, 0x00000287b30bf800, 0x00000287b337d000
}

Java Threads: ( => current thread )
  0x000002879cd4b800 JavaThread "main" [_thread_in_vm, id=11192, stack(0x000000ce47a00000,0x000000ce47b00000)]
  0x00000287b23f0000 JavaThread "Reference Handler" daemon [_thread_blocked, id=9132, stack(0x000000ce48100000,0x000000ce48200000)]
  0x00000287b2414800 JavaThread "Finalizer" daemon [_thread_blocked, id=14316, stack(0x000000ce48200000,0x000000ce48300000)]
  0x00000287b242f800 JavaThread "Signal Dispatcher" daemon [_thread_blocked, id=8400, stack(0x000000ce48300000,0x000000ce48400000)]
  0x00000287b2430800 JavaThread "Attach Listener" daemon [_thread_blocked, id=5460, stack(0x000000ce48400000,0x000000ce48500000)]
  0x00000287b2436000 JavaThread "C2 CompilerThread0" daemon [_thread_in_native, id=14684, stack(0x000000ce48500000,0x000000ce48600000)]
  0x00000287b2487000 JavaThread "C1 CompilerThread0" daemon [_thread_in_native, id=13032, stack(0x000000ce48600000,0x000000ce48700000)]
  0x00000287b2488000 JavaThread "Sweeper thread" daemon [_thread_blocked, id=16768, stack(0x000000ce48700000,0x000000ce48800000)]
  0x00000287b26dd800 JavaThread "Service Thread" daemon [_thread_blocked, id=9056, stack(0x000000ce48800000,0x000000ce48900000)]
  0x00000287b26e7800 JavaThread "Common-Cleaner" daemon [_thread_blocked, id=14464, stack(0x000000ce48a00000,0x000000ce48b00000)]
  0x00000287b30bf800 JavaThread "pool-1-thread-1" [_thread_blocked, id=11960, stack(0x000000ce48d00000,0x000000ce48e00000)]
=>0x00000287b337d000 JavaThread "C2 CompilerThread1" daemon [_thread_in_native, id=6936, stack(0x000000ce49100000,0x000000ce49200000)]

Other Threads:
  0x00000287b23ec000 VMThread "VM Thread" [stack: 0x000000ce48000000,0x000000ce48100000] [id=7772]
  0x00000287b26de800 WatcherThread [stack: 0x000000ce48900000,0x000000ce48a00000] [id=10932]
  0x000002879cd63000 GCTaskThread "GC Thread#0" [stack: 0x000000ce47b00000,0x000000ce47c00000] [id=12132]
  0x00000287b29a7000 GCTaskThread "GC Thread#1" [stack: 0x000000ce48c00000,0x000000ce48d00000] [id=6884]
  0x00000287b31ac800 GCTaskThread "GC Thread#2" [stack: 0x000000ce48e00000,0x000000ce48f00000] [id=15904]
  0x00000287b31e9000 GCTaskThread "GC Thread#3" [stack: 0x000000ce48f00000,0x000000ce49000000] [id=16192]
  0x000002879cd6a800 ConcurrentGCThread "G1 Main Marker" [stack: 0x000000ce47c00000,0x000000ce47d00000] [id=608]
  0x000002879cd6c000 ConcurrentGCThread "G1 Conc#0" [stack: 0x000000ce47d00000,0x000000ce47e00000] [id=3428]
  0x000002879cdc4800 ConcurrentGCThread "G1 Refine#0" [stack: 0x000000ce47e00000,0x000000ce47f00000] [id=6324]
  0x000002879cdc6000 ConcurrentGCThread "G1 Young RemSet Sampling" [stack: 0x000000ce47f00000,0x000000ce48000000] [id=1108]

Threads with active compile tasks:
C2 CompilerThread0   2657 1260       4       java.util.HashMap::putVal (300 bytes)
C1 CompilerThread0   2657 1276       3       org.gradle.internal.logging.text.AbstractLineChoppingStyledTextOutput$StateContext::setState (10 bytes)
C2 CompilerThread1   2657 1261       4       java.util.HashSet::add (20 bytes)

VM state:not at safepoint (normal execution)

VM Mutex/Monitor currently owned by a thread: None

Heap address: 0x00000000fc000000, size: 64 MB, Compressed Oops mode: 32-bit
Narrow klass base: 0x0000000000000000, Narrow klass shift: 3
Compressed class space size: 1073741824 Address: 0x0000000100000000

Heap:
 garbage-first heap   total 65536K, used 20008K [0x00000000fc000000, 0x0000000100000000)
  region size 1024K, 13 young (13312K), 1 survivors (1024K)
 Metaspace       used 15498K, capacity 15761K, committed 16000K, reserved 1062912K
  class space    used 1751K, capacity 1875K, committed 1920K, reserved 1048576K
Heap Regions: E=young(eden), S=young(survivor), O=old, HS=humongous(starts), HC=humongous(continues), CS=collection set, F=free, A=archive, TAMS=top-at-mark-start (previous, next)
|   0|0x00000000fc000000, 0x00000000fc100000, 0x00000000fc100000|100%| O|  |TAMS 0x00000000fc000000, 0x00000000fc000000| Untracked 
|   1|0x00000000fc100000, 0x00000000fc1b1800, 0x00000000fc200000| 69%| O|  |TAMS 0x00000000fc100000, 0x00000000fc100000| Untracked 
|   2|0x00000000fc200000, 0x00000000fc200000, 0x00000000fc300000|  0%| F|  |TAMS 0x00000000fc200000, 0x00000000fc200000| Untracked 
|   3|0x00000000fc300000, 0x00000000fc400000, 0x00000000fc400000|100%|HS|  |TAMS 0x00000000fc300000, 0x00000000fc300000| Complete 
|   4|0x00000000fc400000, 0x00000000fc500000, 0x00000000fc500000|100%|HC|  |TAMS 0x00000000fc400000, 0x00000000fc400000| Complete 
|   5|0x00000000fc500000, 0x00000000fc600000, 0x00000000fc600000|100%|HC|  |TAMS 0x00000000fc500000, 0x00000000fc500000| Complete 
|   6|0x00000000fc600000, 0x00000000fc700000, 0x00000000fc700000|100%| O|  |TAMS 0x00000000fc600000, 0x00000000fc600000| Untracked 
|   7|0x00000000fc700000, 0x00000000fc800000, 0x00000000fc800000|100%| O|  |TAMS 0x00000000fc700000, 0x00000000fc700000| Untracked 
|   8|0x00000000fc800000, 0x00000000fc900000, 0x00000000fc900000|100%| O|  |TAMS 0x00000000fc800000, 0x00000000fc800000| Untracked 
|   9|0x00000000fc900000, 0x00000000fc900000, 0x00000000fca00000|  0%| F|  |TAMS 0x00000000fc900000, 0x00000000fc900000| Untracked 
|  10|0x00000000fca00000, 0x00000000fca00000, 0x00000000fcb00000|  0%| F|  |TAMS 0x00000000fca00000, 0x00000000fca00000| Untracked 
|  11|0x00000000fcb00000, 0x00000000fcb00000, 0x00000000fcc00000|  0%| F|  |TAMS 0x00000000fcb00000, 0x00000000fcb00000| Untracked 
|  12|0x00000000fcc00000, 0x00000000fcc00000, 0x00000000fcd00000|  0%| F|  |TAMS 0x00000000fcc00000, 0x00000000fcc00000| Untracked 
|  13|0x00000000fcd00000, 0x00000000fcd00000, 0x00000000fce00000|  0%| F|  |TAMS 0x00000000fcd00000, 0x00000000fcd00000| Untracked 
|  14|0x00000000fce00000, 0x00000000fce00000, 0x00000000fcf00000|  0%| F|  |TAMS 0x00000000fce00000, 0x00000000fce00000| Untracked 
|  15|0x00000000fcf00000, 0x00000000fcf00000, 0x00000000fd000000|  0%| F|  |TAMS 0x00000000fcf00000, 0x00000000fcf00000| Untracked 
|  16|0x00000000fd000000, 0x00000000fd000000, 0x00000000fd100000|  0%| F|  |TAMS 0x00000000fd000000, 0x00000000fd000000| Untracked 
|  17|0x00000000fd100000, 0x00000000fd100000, 0x00000000fd200000|  0%| F|  |TAMS 0x00000000fd100000, 0x00000000fd100000| Untracked 
|  18|0x00000000fd200000, 0x00000000fd200000, 0x00000000fd300000|  0%| F|  |TAMS 0x00000000fd200000, 0x00000000fd200000| Untracked 
|  19|0x00000000fd300000, 0x00000000fd300000, 0x00000000fd400000|  0%| F|  |TAMS 0x00000000fd300000, 0x00000000fd300000| Untracked 
|  20|0x00000000fd400000, 0x00000000fd400000, 0x00000000fd500000|  0%| F|  |TAMS 0x00000000fd400000, 0x00000000fd400000| Untracked 
|  21|0x00000000fd500000, 0x00000000fd500000, 0x00000000fd600000|  0%| F|  |TAMS 0x00000000fd500000, 0x00000000fd500000| Untracked 
|  22|0x00000000fd600000, 0x00000000fd600000, 0x00000000fd700000|  0%| F|  |TAMS 0x00000000fd600000, 0x00000000fd600000| Untracked 
|  23|0x00000000fd700000, 0x00000000fd700000, 0x00000000fd800000|  0%| F|  |TAMS 0x00000000fd700000, 0x00000000fd700000| Untracked 
|  24|0x00000000fd800000, 0x00000000fd800000, 0x00000000fd900000|  0%| F|  |TAMS 0x00000000fd800000, 0x00000000fd800000| Untracked 
|  25|0x00000000fd900000, 0x00000000fd900000, 0x00000000fda00000|  0%| F|  |TAMS 0x00000000fd900000, 0x00000000fd900000| Untracked 
|  26|0x00000000fda00000, 0x00000000fda00000, 0x00000000fdb00000|  0%| F|  |TAMS 0x00000000fda00000, 0x00000000fda00000| Untracked 
|  27|0x00000000fdb00000, 0x00000000fdb00000, 0x00000000fdc00000|  0%| F|  |TAMS 0x00000000fdb00000, 0x00000000fdb00000| Untracked 
|  28|0x00000000fdc00000, 0x00000000fdc00000, 0x00000000fdd00000|  0%| F|  |TAMS 0x00000000fdc00000, 0x00000000fdc00000| Untracked 
|  29|0x00000000fdd00000, 0x00000000fdd00000, 0x00000000fde00000|  0%| F|  |TAMS 0x00000000fdd00000, 0x00000000fdd00000| Untracked 
|  30|0x00000000fde00000, 0x00000000fde00000, 0x00000000fdf00000|  0%| F|  |TAMS 0x00000000fde00000, 0x00000000fde00000| Untracked 
|  31|0x00000000fdf00000, 0x00000000fdf00000, 0x00000000fe000000|  0%| F|  |TAMS 0x00000000fdf00000, 0x00000000fdf00000| Untracked 
|  32|0x00000000fe000000, 0x00000000fe000000, 0x00000000fe100000|  0%| F|  |TAMS 0x00000000fe000000, 0x00000000fe000000| Untracked 
|  33|0x00000000fe100000, 0x00000000fe100000, 0x00000000fe200000|  0%| F|  |TAMS 0x00000000fe100000, 0x00000000fe100000| Untracked 
|  34|0x00000000fe200000, 0x00000000fe200000, 0x00000000fe300000|  0%| F|  |TAMS 0x00000000fe200000, 0x00000000fe200000| Untracked 
|  35|0x00000000fe300000, 0x00000000fe300000, 0x00000000fe400000|  0%| F|  |TAMS 0x00000000fe300000, 0x00000000fe300000| Untracked 
|  36|0x00000000fe400000, 0x00000000fe400000, 0x00000000fe500000|  0%| F|  |TAMS 0x00000000fe400000, 0x00000000fe400000| Untracked 
|  37|0x00000000fe500000, 0x00000000fe500000, 0x00000000fe600000|  0%| F|  |TAMS 0x00000000fe500000, 0x00000000fe500000| Untracked 
|  38|0x00000000fe600000, 0x00000000fe600000, 0x00000000fe700000|  0%| F|  |TAMS 0x00000000fe600000, 0x00000000fe600000| Untracked 
|  39|0x00000000fe700000, 0x00000000fe700000, 0x00000000fe800000|  0%| F|  |TAMS 0x00000000fe700000, 0x00000000fe700000| Untracked 
|  40|0x00000000fe800000, 0x00000000fe800000, 0x00000000fe900000|  0%| F|  |TAMS 0x00000000fe800000, 0x00000000fe800000| Untracked 
|  41|0x00000000fe900000, 0x00000000fe900000, 0x00000000fea00000|  0%| F|  |TAMS 0x00000000fe900000, 0x00000000fe900000| Untracked 
|  42|0x00000000fea00000, 0x00000000fea00000, 0x00000000feb00000|  0%| F|  |TAMS 0x00000000fea00000, 0x00000000fea00000| Untracked 
|  43|0x00000000feb00000, 0x00000000feb00000, 0x00000000fec00000|  0%| F|  |TAMS 0x00000000feb00000, 0x00000000feb00000| Untracked 
|  44|0x00000000fec00000, 0x00000000fec00000, 0x00000000fed00000|  0%| F|  |TAMS 0x00000000fec00000, 0x00000000fec00000| Untracked 
|  45|0x00000000fed00000, 0x00000000fed00000, 0x00000000fee00000|  0%| F|  |TAMS 0x00000000fed00000, 0x00000000fed00000| Untracked 
|  46|0x00000000fee00000, 0x00000000fee00000, 0x00000000fef00000|  0%| F|  |TAMS 0x00000000fee00000, 0x00000000fee00000| Untracked 
|  47|0x00000000fef00000, 0x00000000fef00000, 0x00000000ff000000|  0%| F|  |TAMS 0x00000000fef00000, 0x00000000fef00000| Untracked 
|  48|0x00000000ff000000, 0x00000000ff000000, 0x00000000ff100000|  0%| F|  |TAMS 0x00000000ff000000, 0x00000000ff000000| Untracked 
|  49|0x00000000ff100000, 0x00000000ff100000, 0x00000000ff200000|  0%| F|  |TAMS 0x00000000ff100000, 0x00000000ff100000| Untracked 
|  50|0x00000000ff200000, 0x00000000ff200000, 0x00000000ff300000|  0%| F|  |TAMS 0x00000000ff200000, 0x00000000ff200000| Untracked 
|  51|0x00000000ff300000, 0x00000000ff3d8be8, 0x00000000ff400000| 84%| S|CS|TAMS 0x00000000ff300000, 0x00000000ff300000| Complete 
|  52|0x00000000ff400000, 0x00000000ff4ec848, 0x00000000ff500000| 92%| E|  |TAMS 0x00000000ff400000, 0x00000000ff400000| Complete 
|  53|0x00000000ff500000, 0x00000000ff600000, 0x00000000ff600000|100%| E|CS|TAMS 0x00000000ff500000, 0x00000000ff500000| Complete 
|  54|0x00000000ff600000, 0x00000000ff700000, 0x00000000ff700000|100%| E|CS|TAMS 0x00000000ff600000, 0x00000000ff600000| Complete 
|  55|0x00000000ff700000, 0x00000000ff800000, 0x00000000ff800000|100%| E|CS|TAMS 0x00000000ff700000, 0x00000000ff700000| Complete 
|  56|0x00000000ff800000, 0x00000000ff900000, 0x00000000ff900000|100%| E|CS|TAMS 0x00000000ff800000, 0x00000000ff800000| Complete 
|  57|0x00000000ff900000, 0x00000000ffa00000, 0x00000000ffa00000|100%| E|CS|TAMS 0x00000000ff900000, 0x00000000ff900000| Complete 
|  58|0x00000000ffa00000, 0x00000000ffb00000, 0x00000000ffb00000|100%| E|CS|TAMS 0x00000000ffa00000, 0x00000000ffa00000| Complete 
|  59|0x00000000ffb00000, 0x00000000ffc00000, 0x00000000ffc00000|100%| E|CS|TAMS 0x00000000ffb00000, 0x00000000ffb00000| Complete 
|  60|0x00000000ffc00000, 0x00000000ffd00000, 0x00000000ffd00000|100%| E|CS|TAMS 0x00000000ffc00000, 0x00000000ffc00000| Complete 
|  61|0x00000000ffd00000, 0x00000000ffe00000, 0x00000000ffe00000|100%| E|CS|TAMS 0x00000000ffd00000, 0x00000000ffd00000| Complete 
|  62|0x00000000ffe00000, 0x00000000fff00000, 0x00000000fff00000|100%| E|CS|TAMS 0x00000000ffe00000, 0x00000000ffe00000| Complete 
|  63|0x00000000fff00000, 0x0000000100000000, 0x0000000100000000|100%| E|CS|TAMS 0x00000000fff00000, 0x00000000fff00000| Complete 

Card table byte_map: [0x000002879ac50000,0x000002879ac70000] _byte_map_base: 0x000002879a470000

Marking Bits (Prev, Next): (CMBitMap*) 0x000002879cd69528, (CMBitMap*) 0x000002879cd69560
 Prev Bits: [0x000002879cb70000, 0x000002879cc70000)
 Next Bits: [0x00000287af570000, 0x00000287af670000)

Polling page: 0x000002879ac00000

Metaspace:

Usage:
  Non-class:     13.57 MB capacity,    13.44 MB (>99%) used,   104.34 KB ( <1%) free+waste,    22.00 KB ( <1%) overhead. 
      Class:      1.83 MB capacity,     1.71 MB ( 94%) used,   110.48 KB (  6%) free+waste,    10.88 KB ( <1%) overhead. 
       Both:     15.40 MB capacity,    15.16 MB ( 98%) used,   214.82 KB (  1%) free+waste,    32.88 KB ( <1%) overhead. 

Virtual space:
  Non-class space:       14.00 MB reserved,      13.75 MB ( 98%) committed 
      Class space:        1.00 GB reserved,       1.88 MB ( <1%) committed 
             Both:        1.01 GB reserved,      15.63 MB (  2%) committed 

Chunk freelists:
   Non-Class:  1.00 KB
       Class:  12.00 KB
        Both:  13.00 KB

MaxMetaspaceSize: 17179869184.00 GB
CompressedClassSpaceSize: 1.00 GB

CodeHeap 'non-profiled nmethods': size=120064Kb used=433Kb max_used=434Kb free=119631Kb
 bounds [0x00000287a8030000, 0x00000287a82a0000, 0x00000287af570000]
CodeHeap 'profiled nmethods': size=120000Kb used=2355Kb max_used=2407Kb free=117644Kb
 bounds [0x00000287a0b00000, 0x00000287a0d70000, 0x00000287a8030000]
CodeHeap 'non-nmethods': size=5696Kb used=1101Kb max_used=1113Kb free=4595Kb
 bounds [0x00000287a0570000, 0x00000287a07e0000, 0x00000287a0b00000]
 total_blobs=1635 nmethods=1210 adapters=337
 compilation: enabled
              stopped_count=0, restarted_count=0
 full_count=0

Compilation events (20 events):
Event: 2.602 Thread 0x00000287b2487000 1250       3       jdk.internal.org.objectweb.asm.Frame::pop (45 bytes)
Event: 2.602 Thread 0x00000287b2487000 nmethod 1250 0x00000287a0b00d90 code [0x00000287a0b00f40, 0x00000287a0b010b8]
Event: 2.605 Thread 0x00000287b2487000 1251       1       java.util.concurrent.locks.AbstractQueuedSynchronizer::setState (6 bytes)
Event: 2.605 Thread 0x00000287b2487000 nmethod 1251 0x00000287a804cb10 code [0x00000287a804ccc0, 0x00000287a804cd78]
Event: 2.605 Thread 0x00000287b2487000 1252       1       java.lang.reflect.Method::getSharedParameterTypes (5 bytes)
Event: 2.605 Thread 0x00000287b2487000 nmethod 1252 0x00000287a804c810 code [0x00000287a804c9c0, 0x00000287a804ca78]
Event: 2.606 Thread 0x00000287b337d000 1253       4       java.util.ArrayList$Itr::next (66 bytes)
Event: 2.606 Thread 0x00000287b2487000 1254       3       java.util.HashMap::getNode (148 bytes)
Event: 2.606 Thread 0x00000287b2436000 1257       4       java.util.ArrayList$Itr::hasNext (20 bytes)
Event: 2.607 Thread 0x00000287b2487000 nmethod 1254 0x00000287a0b11110 code [0x00000287a0b11340, 0x00000287a0b11ca8]
Event: 2.607 Thread 0x00000287b2487000 1256       3       java.lang.reflect.ProxyGenerator$ConstantPool$IndirectEntry::write (61 bytes)
Event: 2.607 Thread 0x00000287b2436000 nmethod 1257 0x00000287a8053c90 code [0x00000287a8053e20, 0x00000287a8053e98]
Event: 2.607 Thread 0x00000287b2487000 nmethod 1256 0x00000287a0b18990 code [0x00000287a0b18be0, 0x00000287a0b19528]
Event: 2.607 Thread 0x00000287b2487000 1255       3       java.lang.reflect.ProxyGenerator$ConstantPool$ValueEntry::write (190 bytes)
Event: 2.608 Thread 0x00000287b337d000 nmethod 1253 0x00000287a8053890 code [0x00000287a8053a20, 0x00000287a8053b38]
Event: 2.610 Thread 0x00000287b2487000 nmethod 1255 0x00000287a0b48910 code [0x00000287a0b48d80, 0x00000287a0b4b208]
Event: 2.611 Thread 0x00000287b2487000 1259       3       java.lang.invoke.TypeConvertingMethodAdapter::descriptorToName (36 bytes)
Event: 2.612 Thread 0x00000287b2436000 1260       4       java.util.HashMap::putVal (300 bytes)
Event: 2.612 Thread 0x00000287b337d000 1261       4       java.util.HashSet::add (20 bytes)
Event: 2.613 Thread 0x00000287b2487000 nmethod 1259 0x00000287a0b1b790 code [0x00000287a0b1ba20, 0x00000287a0b1c5a8]

GC Heap History (4 events):
Event: 0.797 GC heap before
{Heap before GC invocations=0 (full 0):
 garbage-first heap   total 65536K, used 19456K [0x00000000fc000000, 0x0000000100000000)
  region size 1024K, 14 young (14336K), 0 survivors (0K)
 Metaspace       used 8152K, capacity 8343K, committed 8576K, reserved 1056768K
  class space    used 754K, capacity 820K, committed 896K, reserved 1048576K
}
Event: 0.803 GC heap after
{Heap after GC invocations=1 (full 0):
 garbage-first heap   total 65536K, used 7723K [0x00000000fc000000, 0x0000000100000000)
  region size 1024K, 2 young (2048K), 2 survivors (2048K)
 Metaspace       used 8152K, capacity 8343K, committed 8576K, reserved 1056768K
  class space    used 754K, capacity 820K, committed 896K, reserved 1048576K
}
Event: 1.168 GC heap before
{Heap before GC invocations=1 (full 0):
 garbage-first heap   total 65536K, used 20011K [0x00000000fc000000, 0x0000000100000000)
  region size 1024K, 14 young (14336K), 2 survivors (2048K)
 Metaspace       used 12066K, capacity 12337K, committed 12544K, reserved 1060864K
  class space    used 1359K, capacity 1455K, committed 1536K, reserved 1048576K
}
Event: 1.171 GC heap after
{Heap after GC invocations=2 (full 0):
 garbage-first heap   total 65536K, used 8744K [0x00000000fc000000, 0x0000000100000000)
  region size 1024K, 1 young (1024K), 1 survivors (1024K)
 Metaspace       used 12066K, capacity 12337K, committed 12544K, reserved 1060864K
  class space    used 1359K, capacity 1455K, committed 1536K, reserved 1048576K
}

Deoptimization events (20 events):
Event: 2.606 Thread 0x00000287b35fb800 Uncommon trap: trap_request=0xffffffde fr.pc=0x00000287a8065418 relative=0x0000000000000ef8
Event: 2.606 Thread 0x00000287b35fb800 Uncommon trap: reason=class_check action=maybe_recompile pc=0x00000287a8065418 method=java.util.HashMap.putVal(ILjava/lang/Object;Ljava/lang/Object;ZZ)Ljava/lang/Object; @ 203 c2
Event: 2.606 Thread 0x00000287b35fb800 DEOPT PACKING pc=0x00000287a8065418 sp=0x000000ce492fe8a0
Event: 2.606 Thread 0x00000287b35fb800 DEOPT UNPACKING pc=0x00000287a05974af sp=0x000000ce492fe830 mode 2
Event: 2.620 Thread 0x00000287b35fb800 Uncommon trap: trap_request=0xffffff4d fr.pc=0x00000287a805bdb8 relative=0x0000000000000478
Event: 2.620 Thread 0x00000287b35fb800 Uncommon trap: reason=unstable_if action=reinterpret pc=0x00000287a805bdb8 method=java.lang.AbstractStringBuilder.putStringAt(ILjava/lang/String;)V @ 8 c2
Event: 2.620 Thread 0x00000287b35fb800 DEOPT PACKING pc=0x00000287a805bdb8 sp=0x000000ce492fef90
Event: 2.620 Thread 0x00000287b35fb800 DEOPT UNPACKING pc=0x00000287a05974af sp=0x000000ce492fee98 mode 2
Event: 2.620 Thread 0x00000287b35fb800 Uncommon trap: trap_request=0xffffff4d fr.pc=0x00000287a8067914 relative=0x0000000000000454
Event: 2.620 Thread 0x00000287b35fb800 Uncommon trap: reason=unstable_if action=reinterpret pc=0x00000287a8067914 method=java.lang.AbstractStringBuilder.putStringAt(ILjava/lang/String;)V @ 8 c2
Event: 2.620 Thread 0x00000287b35fb800 DEOPT PACKING pc=0x00000287a8067914 sp=0x000000ce492fef20
Event: 2.620 Thread 0x00000287b35fb800 DEOPT UNPACKING pc=0x00000287a05974af sp=0x000000ce492fee90 mode 2
Event: 2.620 Thread 0x00000287b35fb800 Uncommon trap: trap_request=0xffffff4d fr.pc=0x00000287a805c4ec relative=0x00000000000000cc
Event: 2.620 Thread 0x00000287b35fb800 Uncommon trap: reason=unstable_if action=reinterpret pc=0x00000287a805c4ec method=java.lang.String.getBytes([BIB)V @ 5 c2
Event: 2.620 Thread 0x00000287b35fb800 DEOPT PACKING pc=0x00000287a805c4ec sp=0x000000ce492fee40
Event: 2.620 Thread 0x00000287b35fb800 DEOPT UNPACKING pc=0x00000287a05974af sp=0x000000ce492fee08 mode 2
Event: 2.620 Thread 0x00000287b35fb800 Uncommon trap: trap_request=0xffffff4d fr.pc=0x00000287a807dd40 relative=0x0000000000000380
Event: 2.620 Thread 0x00000287b35fb800 Uncommon trap: reason=unstable_if action=reinterpret pc=0x00000287a807dd40 method=java.lang.AbstractStringBuilder.isLatin1()Z @ 10 c2
Event: 2.620 Thread 0x00000287b35fb800 DEOPT PACKING pc=0x00000287a807dd40 sp=0x000000ce492fefa0
Event: 2.620 Thread 0x00000287b35fb800 DEOPT UNPACKING pc=0x00000287a05974af sp=0x000000ce492fef20 mode 2

Classes redefined (0 events):
No events

Internal exceptions (15 events):
Event: 0.404 Thread 0x000002879cd4b800 Exception <a 'java/lang/NoSuchMethodError'{0x00000000ffc13e70}: 'int java.lang.invoke.DirectMethodHandle$Holder.invokeStaticInit(java.lang.Object, java.lang.Object)'> (0x00000000ffc13e70) thrown at [./src/hotspot/share/interpreter/linkResolver.cpp, line 773]
Event: 0.461 Thread 0x000002879cd4b800 Exception <a 'java/lang/NoSuchMethodError'{0x00000000ffcd0450}: 'int java.lang.invoke.DirectMethodHandle$Holder.invokeSpecial(java.lang.Object, java.lang.Object, java.lang.Object, java.lang.Object)'> (0x00000000ffcd0450) thrown at [./src/hotspot/share/interpreter/linkResolver.cpp, line 773]
Event: 0.470 Thread 0x000002879cd4b800 Exception <a 'java/lang/NoSuchMethodError'{0x00000000ffb013e8}: 'int java.lang.invoke.DirectMethodHandle$Holder.invokeSpecialIFC(java.lang.Object, java.lang.Object, int)'> (0x00000000ffb013e8) thrown at [./src/hotspot/share/interpreter/linkResolver.cpp, line 773]
Event: 0.976 Thread 0x000002879cd4b800 Exception <a 'java/lang/NoClassDefFoundError'{0x00000000ffce3fb8}: org/slf4j/impl/StaticMarkerBinder> (0x00000000ffce3fb8) thrown at [./src/hotspot/share/classfile/systemDictionary.cpp, line 220]
Event: 1.010 Thread 0x000002879cd4b800 Exception <a 'java/lang/NoSuchMethodError'{0x00000000ffb785c8}: 'java.lang.Object java.lang.invoke.DirectMethodHandle$Holder.invokeVirtual(java.lang.Object, java.lang.Object, java.lang.Object, java.lang.Object, java.lang.Object)'> (0x00000000ffb785c8) thrown at [./src/hotspot/share/interpreter/linkResolver.cpp, line 773]
Event: 1.094 Thread 0x000002879cd4b800 Exception <a 'java/lang/NoSuchMethodError'{0x00000000ff7850b8}: 'java.lang.Object java.lang.invoke.Invokers$Holder.invoker(java.lang.Object, java.lang.Object, java.lang.Object, java.lang.Object, java.lang.Object)'> (0x00000000ff7850b8) thrown at [./src/hotspot/share/interpreter/linkResolver.cpp, line 773]
Event: 1.096 Thread 0x000002879cd4b800 Exception <a 'java/lang/NoSuchMethodError'{0x00000000ff795e20}: 'void java.lang.invoke.DelegatingMethodHandle$Holder.delegate(java.lang.Object, java.lang.Object, int, java.lang.Object)'> (0x00000000ff795e20) thrown at [./src/hotspot/share/interpreter/linkResolver.cpp, line 773]
Event: 1.158 Thread 0x000002879cd4b800 Exception <a 'java/lang/NoSuchMethodError'{0x00000000ff4ae798}: 'java.lang.Object java.lang.invoke.DirectMethodHandle$Holder.invokeStaticInit(java.lang.Object, java.lang.Object, java.lang.Object)'> (0x00000000ff4ae798) thrown at [./src/hotspot/share/interpreter/linkResolver.cpp, line 773]
Event: 1.246 Thread 0x000002879cd4b800 Exception <a 'java/lang/NoSuchMethodError'{0x00000000ffce4488}: 'java.lang.Object java.lang.invoke.DirectMethodHandle$Holder.invokeStaticInit(java.lang.Object, int, int, int, int)'> (0x00000000ffce4488) thrown at [./src/hotspot/share/interpreter/linkResolver.cpp, line 773]
Event: 1.470 Thread 0x000002879cd4b800 Exception <a 'java/lang/NoSuchMethodError'{0x00000000ffb040b0}: 'java.lang.Object java.lang.invoke.DirectMethodHandle$Holder.invokeStaticInit(java.lang.Object, java.lang.Object, int, int, int, int)'> (0x00000000ffb040b0) thrown at [./src/hotspot/share/interpreter/linkResolver.cpp, line 773]
Event: 2.597 Thread 0x00000287b35fb800 Exception <a 'java/lang/NoSuchMethodError'{0x00000000ff5a4480}: 'void java.lang.invoke.DirectMethodHandle$Holder.invokeStatic(java.lang.Object, long)'> (0x00000000ff5a4480) thrown at [./src/hotspot/share/interpreter/linkResolver.cpp, line 773]
Event: 2.597 Thread 0x00000287b35fb800 Exception <a 'java/lang/NoSuchMethodError'{0x00000000ff5a96d0}: 'java.lang.Object java.lang.invoke.DirectMethodHandle$Holder.invokeStatic(java.lang.Object, long)'> (0x00000000ff5a96d0) thrown at [./src/hotspot/share/interpreter/linkResolver.cpp, line 773]
Event: 2.600 Thread 0x00000287b35fb800 Exception <a 'java/lang/NoSuchMethodError'{0x00000000ff5b7770}: 'java.lang.Object java.lang.invoke.DirectMethodHandle$Holder.invokeStaticInit(java.lang.Object, java.lang.Object, long, java.lang.Object)'> (0x00000000ff5b7770) thrown at [./src/hotspot/share/interpreter/linkResolver.cpp, line 773]
Event: 2.601 Thread 0x00000287b35fb800 Exception <a 'java/lang/NoSuchMethodError'{0x00000000ff5bd698}: 'java.lang.Object java.lang.invoke.DirectMethodHandle$Holder.invokeStatic(java.lang.Object, java.lang.Object, long)'> (0x00000000ff5bd698) thrown at [./src/hotspot/share/interpreter/linkResolver.cpp, line 773]
Event: 2.601 Thread 0x00000287b35fb800 Exception <a 'java/lang/NoSuchMethodError'{0x00000000ff5c3968}: 'java.lang.Object java.lang.invoke.Invokers$Holder.linkToTargetMethod(java.lang.Object, long, java.lang.Object)'> (0x00000000ff5c3968) thrown at [./src/hotspot/share/interpreter/linkResolver.cpp, line 773]

Events (20 events):
Event: 2.613 loading class sun/text/resources/cldr/FormatData
Event: 2.613 loading class sun/text/resources/cldr/FormatData done
Event: 2.615 loading class sun/text/resources/cldr/FormatData_en
Event: 2.615 loading class sun/text/resources/cldr/FormatData_en done
Event: 2.615 loading class sun/text/resources/cldr/FormatData_en_US
Event: 2.615 loading class sun/text/resources/cldr/FormatData_en_US done
Event: 2.616 loading class java/text/DecimalFormatSymbols
Event: 2.616 loading class java/text/DecimalFormatSymbols done
Event: 2.616 loading class sun/util/locale/provider/DecimalFormatSymbolsProviderImpl
Event: 2.617 loading class sun/util/locale/provider/DecimalFormatSymbolsProviderImpl done
Event: 2.617 loading class java/text/DecimalFormat
Event: 2.618 loading class java/text/DecimalFormat done
Event: 2.619 loading class java/text/FieldPosition
Event: 2.619 loading class java/text/FieldPosition done
Event: 2.619 loading class java/text/DigitList
Event: 2.619 loading class java/text/DigitList done
Event: 2.619 loading class java/math/RoundingMode
Event: 2.619 loading class java/math/RoundingMode done
Event: 2.620 loading class java/io/PrintWriter
Event: 2.620 loading class java/io/PrintWriter done


Dynamic libraries:
0x00007ff634fd0000 - 0x00007ff634fda000 	C:\Users\Kujovic\AppData\Local\JetBrains\Toolbox\apps\IDEA-E\ch-0\202.7660.52\jbr\bin\java.exe
0x00007ffdc65c0000 - 0x00007ffdc67b0000 	C:\WINDOWS\SYSTEM32\ntdll.dll
0x00007ffdc5db0000 - 0x00007ffdc5e62000 	C:\WINDOWS\System32\KERNEL32.DLL
0x00007ffdc3680000 - 0x00007ffdc3925000 	C:\WINDOWS\System32\KERNELBASE.dll
0x00007ffdc3b70000 - 0x00007ffdc3c6a000 	C:\WINDOWS\System32\ucrtbase.dll
0x00007ffd91240000 - 0x00007ffd91259000 	C:\Users\Kujovic\AppData\Local\JetBrains\Toolbox\apps\IDEA-E\ch-0\202.7660.52\jbr\bin\jli.dll
0x00007ffd91220000 - 0x00007ffd91237000 	C:\Users\Kujovic\AppData\Local\JetBrains\Toolbox\apps\IDEA-E\ch-0\202.7660.52\jbr\bin\VCRUNTIME140.dll
0x00007ffdc4980000 - 0x00007ffdc4b14000 	C:\WINDOWS\System32\USER32.dll
0x00007ffdc3e90000 - 0x00007ffdc3eb1000 	C:\WINDOWS\System32\win32u.dll
0x00007ffdc47f0000 - 0x00007ffdc4816000 	C:\WINDOWS\System32\GDI32.dll
0x00007ffda59e0000 - 0x00007ffda5c64000 	C:\WINDOWS\WinSxS\amd64_microsoft.windows.common-controls_6595b64144ccf1df_6.0.18362.1198_none_9e820b57e45ad92f\COMCTL32.dll
0x00007ffdc39d0000 - 0x00007ffdc3b66000 	C:\WINDOWS\System32\gdi32full.dll
0x00007ffdc57b0000 - 0x00007ffdc584e000 	C:\WINDOWS\System32\msvcrt.dll
0x00007ffdc6240000 - 0x00007ffdc6575000 	C:\WINDOWS\System32\combase.dll
0x00007ffdc3930000 - 0x00007ffdc39ce000 	C:\WINDOWS\System32\msvcp_win.dll
0x00007ffdc5550000 - 0x00007ffdc5670000 	C:\WINDOWS\System32\RPCRT4.dll
0x00007ffdc3dc0000 - 0x00007ffdc3e40000 	C:\WINDOWS\System32\bcryptPrimitives.dll
0x00007ffdc4be0000 - 0x00007ffdc4c0e000 	C:\WINDOWS\System32\IMM32.DLL
0x00007ffd87bc0000 - 0x00007ffd87c5d000 	C:\Users\Kujovic\AppData\Local\JetBrains\Toolbox\apps\IDEA-E\ch-0\202.7660.52\jbr\bin\msvcp140.dll
0x00007ffd7f420000 - 0x00007ffd7fedd000 	C:\Users\Kujovic\AppData\Local\JetBrains\Toolbox\apps\IDEA-E\ch-0\202.7660.52\jbr\bin\server\jvm.dll
0x00007ffdc5f90000 - 0x00007ffdc6033000 	C:\WINDOWS\System32\ADVAPI32.dll
0x00007ffdc5e70000 - 0x00007ffdc5f07000 	C:\WINDOWS\System32\sechost.dll
0x00007ffdc5f10000 - 0x00007ffdc5f18000 	C:\WINDOWS\System32\PSAPI.DLL
0x00007ffd9e930000 - 0x00007ffd9e939000 	C:\WINDOWS\SYSTEM32\WSOCK32.dll
0x00007ffdc5ce0000 - 0x00007ffdc5d4f000 	C:\WINDOWS\System32\WS2_32.dll
0x00007ffdc14a0000 - 0x00007ffdc14c4000 	C:\WINDOWS\SYSTEM32\WINMM.dll
0x00007ffdb6f00000 - 0x00007ffdb6f0a000 	C:\WINDOWS\SYSTEM32\VERSION.dll
0x00007ffdc1370000 - 0x00007ffdc139d000 	C:\WINDOWS\SYSTEM32\WINMMBASE.dll
0x00007ffdc3e40000 - 0x00007ffdc3e8a000 	C:\WINDOWS\System32\cfgmgr32.dll
0x00007ffdc3480000 - 0x00007ffdc3491000 	C:\WINDOWS\System32\kernel.appcore.dll
0x00007ffdbc9f0000 - 0x00007ffdbca01000 	C:\Users\Kujovic\AppData\Local\JetBrains\Toolbox\apps\IDEA-E\ch-0\202.7660.52\jbr\bin\verify.dll
0x00007ffdb9c20000 - 0x00007ffdb9e14000 	C:\WINDOWS\SYSTEM32\DBGHELP.DLL
0x00007ffdb9bc0000 - 0x00007ffdb9bea000 	C:\WINDOWS\SYSTEM32\dbgcore.DLL
0x00007ffdbc9c0000 - 0x00007ffdbc9e9000 	C:\Users\Kujovic\AppData\Local\JetBrains\Toolbox\apps\IDEA-E\ch-0\202.7660.52\jbr\bin\java.dll
0x00007ffdbc9b0000 - 0x00007ffdbc9bb000 	C:\Users\Kujovic\AppData\Local\JetBrains\Toolbox\apps\IDEA-E\ch-0\202.7660.52\jbr\bin\jimage.dll
0x00007ffdbc990000 - 0x00007ffdbc9a8000 	C:\Users\Kujovic\AppData\Local\JetBrains\Toolbox\apps\IDEA-E\ch-0\202.7660.52\jbr\bin\zip.dll
0x00007ffdc4e50000 - 0x00007ffdc5537000 	C:\WINDOWS\System32\SHELL32.dll
0x00007ffdc6040000 - 0x00007ffdc60e9000 	C:\WINDOWS\System32\shcore.dll
0x00007ffdc3ec0000 - 0x00007ffdc4641000 	C:\WINDOWS\System32\windows.storage.dll
0x00007ffdc3510000 - 0x00007ffdc3533000 	C:\WINDOWS\System32\profapi.dll
0x00007ffdc34a0000 - 0x00007ffdc34ea000 	C:\WINDOWS\System32\powrprof.dll
0x00007ffdc3470000 - 0x00007ffdc3480000 	C:\WINDOWS\System32\UMPDC.dll
0x00007ffdc4b20000 - 0x00007ffdc4b72000 	C:\WINDOWS\System32\shlwapi.dll
0x00007ffdc4650000 - 0x00007ffdc4667000 	C:\WINDOWS\System32\cryptsp.dll
0x00007ffdbc8b0000 - 0x00007ffdbc8ca000 	C:\Users\Kujovic\AppData\Local\JetBrains\Toolbox\apps\IDEA-E\ch-0\202.7660.52\jbr\bin\net.dll
0x00007ffdb7220000 - 0x00007ffdb7310000 	C:\WINDOWS\SYSTEM32\WINHTTP.dll
0x00007ffdc2c60000 - 0x00007ffdc2cc7000 	C:\WINDOWS\system32\mswsock.dll
0x00007ffdbc890000 - 0x00007ffdbc8a4000 	C:\Users\Kujovic\AppData\Local\JetBrains\Toolbox\apps\IDEA-E\ch-0\202.7660.52\jbr\bin\nio.dll
0x00007ffd9a6b0000 - 0x00007ffd9a6d7000 	C:\Users\Kujovic\.gradle\native\9f2fa17c089eee584f3420100432f77ec4c098959e4bf121a4d6054c26537dfb\windows-amd64\native-platform.dll
0x00007ffdba440000 - 0x00007ffdba44a000 	C:\Users\Kujovic\AppData\Local\JetBrains\Toolbox\apps\IDEA-E\ch-0\202.7660.52\jbr\bin\management.dll
0x00007ffdba430000 - 0x00007ffdba43c000 	C:\Users\Kujovic\AppData\Local\JetBrains\Toolbox\apps\IDEA-E\ch-0\202.7660.52\jbr\bin\management_ext.dll
0x00007ffdc27d0000 - 0x00007ffdc2803000 	C:\WINDOWS\system32\rsaenh.dll
0x00007ffdc3540000 - 0x00007ffdc3566000 	C:\WINDOWS\System32\bcrypt.dll
0x00007ffdc3350000 - 0x00007ffdc3375000 	C:\WINDOWS\SYSTEM32\USERENV.dll
0x00007ffdc2e30000 - 0x00007ffdc2e3c000 	C:\WINDOWS\SYSTEM32\CRYPTBASE.dll
0x00007ffdc2970000 - 0x00007ffdc29aa000 	C:\WINDOWS\SYSTEM32\IPHLPAPI.DLL
0x00007ffdc5540000 - 0x00007ffdc5548000 	C:\WINDOWS\System32\NSI.dll
0x00007ffdb8d00000 - 0x00007ffdb8d16000 	C:\WINDOWS\SYSTEM32\dhcpcsvc6.DLL
0x00007ffdb8cc0000 - 0x00007ffdb8cdc000 	C:\WINDOWS\SYSTEM32\dhcpcsvc.DLL
0x00007ffdc29b0000 - 0x00007ffdc2a7b000 	C:\WINDOWS\SYSTEM32\DNSAPI.dll
0x00007ffdb8da0000 - 0x00007ffdb8dab000 	C:\WINDOWS\SYSTEM32\WINNSI.DLL

dbghelp: loaded successfully - version: 4.0.5 - missing functions: none
symbol engine: initialized successfully - sym options: 0x614 - pdb path: .;C:\Users\Kujovic\AppData\Local\JetBrains\Toolbox\apps\IDEA-E\ch-0\202.7660.52\jbr\bin;C:\WINDOWS\SYSTEM32;C:\WINDOWS\WinSxS\amd64_microsoft.windows.common-controls_6595b64144ccf1df_6.0.18362.1198_none_9e820b57e45ad92f;C:\Users\Kujovic\AppData\Local\JetBrains\Toolbox\apps\IDEA-E\ch-0\202.7660.52\jbr\bin\server;C:\Users\Kujovic\.gradle\native\9f2fa17c089eee584f3420100432f77ec4c098959e4bf121a4d6054c26537dfb\windows-amd64

VM Arguments:
jvm_args: -Xmx64m -Xms64m -Dorg.gradle.appname=gradlew 
java_command: org.gradle.wrapper.GradleWrapperMain :Simple_Chatty_Bot-task:testClasses
java_class_path (initial): C:\Users\Kujovic\IdeaProjects\Simple Chatty Bot\\gradle\wrapper\gradle-wrapper.jar
Launcher Type: SUN_STANDARD

[Global flags]
     intx CICompilerCount                          = 3                                         {product} {ergonomic}
     uint ConcGCThreads                            = 1                                         {product} {ergonomic}
     uint G1ConcRefinementThreads                  = 4                                         {product} {ergonomic}
   size_t G1HeapRegionSize                         = 1048576                                   {product} {ergonomic}
    uintx GCDrainStackTargetSize                   = 64                                        {product} {ergonomic}
   size_t InitialHeapSize                          = 67108864                                  {product} {command line}
   size_t MarkStackSize                            = 4194304                                   {product} {ergonomic}
   size_t MaxHeapSize                              = 67108864                                  {product} {command line}
   size_t MaxNewSize                               = 39845888                                  {product} {ergonomic}
   size_t MinHeapDeltaBytes                        = 1048576                                   {product} {ergonomic}
    uintx NonNMethodCodeHeapSize                   = 5830732                                {pd product} {ergonomic}
    uintx NonProfiledCodeHeapSize                  = 122913754                              {pd product} {ergonomic}
    uintx ProfiledCodeHeapSize                     = 122913754                              {pd product} {ergonomic}
    uintx ReservedCodeCacheSize                    = 251658240                              {pd product} {ergonomic}
     bool SegmentedCodeCache                       = true                                      {product} {ergonomic}
     bool UseCompressedClassPointers               = true                                 {lp64_product} {ergonomic}
     bool UseCompressedOops                        = true                                 {lp64_product} {ergonomic}
     bool UseG1GC                                  = true                                      {product} {ergonomic}
     bool UseLargePagesIndividualAllocation        = false                                  {pd product} {ergonomic}

Logging:
Log output configuration:
 #0: stdout all=warning uptime,level,tags
 #1: stderr all=off uptime,level,tags

Environment Variables:
JAVA_HOME=C:\Users\Kujovic\AppData\Local\JetBrains\Toolbox\apps\IDEA-E\ch-0\202.7660.52\jbr
CLASSPATH=C:\Users\Kujovic\IdeaProjects\Simple Chatty Bot\\gradle\wrapper\gradle-wrapper.jar
PATH=C:\Program Files\Java\jdk-13.0.1\bin;C:\Program Files\Git\cmd;C:\WINDOWS\system32;C:\WINDOWS;C:\WINDOWS\System32\Wbem;C:\WINDOWS\System32\WindowsPowerShell\v1.0\;C:\WINDOWS\System32\OpenSSH\;C:\Program Files\dotnet\;C:\sqlite;C:\Users\Kujovic\AppData\Local\Microsoft\WindowsApps;C:\Users\Kujovic\AppData\Local\Programs\MiKTeX 2.9\miktex\bin\x64\;C:\Users\Kujovic\AppData\Local\Programs\Microsoft VS Code\bin;C:\Users\Kujovic\AppData\Local\Microsoft\WindowsApps
USERNAME=Kujovic
OS=Windows_NT
PROCESSOR_IDENTIFIER=Intel64 Family 6 Model 69 Stepping 1, GenuineIntel



---------------  S Y S T E M  ---------------

OS: Windows 10 , 64 bit Build 18362 (10.0.18362.1110)
OS uptime: 0 days 1:12 hours

CPU:total 4 (initial active 4) (2 cores per cpu, 2 threads per core) family 6 model 69 stepping 1, cmov, cx8, fxsr, mmx, sse, sse2, sse3, ssse3, sse4.1, sse4.2, popcnt, avx, avx2, aes, clmul, erms, lzcnt, ht, tsc, tscinvbit, bmi1, bmi2, fma

Memory: 4k page, system-wide physical 16276M (2555M free)
TotalPageFile size 30857M (AvailPageFile size 3M)
current process WorkingSet (physical memory assigned to process): 87M, peak: 87M
current process commit charge ("private bytes"): 155M, peak: 155M

vm_info: OpenJDK 64-Bit Server VM (11.0.8+10-b944.34) for windows-amd64 JRE (11.0.8+10-b944.34), built on Sep 11 2020 15:32:11 by "" with MS VC++ 14.0 (VS2015)

END.
